<?xml version="1.0" encoding="UTF-8"?>
<testsuite xmlns:xsi="http://www.w3.org/2001/XMLSchema-instance" xsi:noNamespaceSchemaLocation="https://maven.apache.org/surefire/maven-surefire-plugin/xsd/surefire-test-report-3.0.xsd" version="3.0" name="linuxtips.LambdaHandlerTest" time="5.083" tests="1" errors="0" skipped="0" failures="0">
  <properties>
[...]
</properties>
  <testcase name="testSimpleLambdaSuccess" classname="linuxtips.LambdaHandlerTest" time="1.346">
    <system-out><![CDATA[2023-02-26 13:39:51,197 INFO  [io.qua.ama.lam.run.MockEventServer] (build-30) Mock Lambda Event Server Started
2023-02-26 13:39:51,986 INFO  [io.qua.ama.lam.run.AbstractLambdaPollLoop] (Lambda Thread (TEST)) Listening on: http://localhost:8081/_lambda_/2018-06-01/runtime/invocation/next
2023-02-26 13:39:52,004 INFO  [io.quarkus] (main) simple_bot_fn 1.0-SNAPSHOT on JVM (powered by Quarkus 2.16.3.Final) started in 1.978s. 
2023-02-26 13:39:52,004 INFO  [io.quarkus] (main) Profile test activated. 
2023-02-26 13:39:52,004 INFO  [io.quarkus] (main) Installed features: [amazon-lambda, cdi]
]]></system-out>
  </testcase>
</testsuite>